{"C:\\Programming\\WhiteHat BootCamp\\Software Engineering Apprenticeship\\Week 1\\Day 5\\src\\sales.js": {"path":"C:\\Programming\\WhiteHat BootCamp\\Software Engineering Apprenticeship\\Week 1\\Day 5\\src\\sales.js","statementMap":{"0":{"start":{"line":1,"column":17},"end":{"line":1,"column":35}},"1":{"start":{"line":14,"column":8},"end":{"line":14,"column":40}},"2":{"start":{"line":15,"column":8},"end":{"line":15,"column":33}},"3":{"start":{"line":16,"column":8},"end":{"line":16,"column":26}},"4":{"start":{"line":17,"column":8},"end":{"line":17,"column":38}},"5":{"start":{"line":18,"column":8},"end":{"line":18,"column":30}},"6":{"start":{"line":19,"column":8},"end":{"line":19,"column":22}},"7":{"start":{"line":20,"column":8},"end":{"line":20,"column":29}},"8":{"start":{"line":26,"column":8},"end":{"line":26,"column":131}},"9":{"start":{"line":26,"column":67},"end":{"line":26,"column":129}},"10":{"start":{"line":30,"column":8},"end":{"line":30,"column":56}},"11":{"start":{"line":31,"column":8},"end":{"line":31,"column":32}},"12":{"start":{"line":43,"column":8},"end":{"line":43,"column":26}},"13":{"start":{"line":48,"column":8},"end":{"line":48,"column":24}},"14":{"start":{"line":54,"column":8},"end":{"line":54,"column":52}},"15":{"start":{"line":59,"column":8},"end":{"line":59,"column":26}},"16":{"start":{"line":63,"column":8},"end":{"line":63,"column":136}},"17":{"start":{"line":66,"column":0},"end":{"line":66,"column":22}}},"fnMap":{"0":{"name":"(anonymous_0)","decl":{"start":{"line":13,"column":4},"end":{"line":13,"column":5}},"loc":{"start":{"line":13,"column":59},"end":{"line":27,"column":5}},"line":13},"1":{"name":"(anonymous_1)","decl":{"start":{"line":29,"column":4},"end":{"line":29,"column":5}},"loc":{"start":{"line":29,"column":43},"end":{"line":32,"column":5}},"line":29},"2":{"name":"(anonymous_2)","decl":{"start":{"line":39,"column":4},"end":{"line":39,"column":5}},"loc":{"start":{"line":39,"column":44},"end":{"line":60,"column":5}},"line":39},"3":{"name":"(anonymous_3)","decl":{"start":{"line":62,"column":4},"end":{"line":62,"column":5}},"loc":{"start":{"line":62,"column":84},"end":{"line":64,"column":5}},"line":62}},"branchMap":{"0":{"loc":{"start":{"line":26,"column":8},"end":{"line":26,"column":131}},"type":"if","locations":[{"start":{"line":26,"column":8},"end":{"line":26,"column":131}},{"start":{"line":26,"column":8},"end":{"line":26,"column":131}}],"line":26},"1":{"loc":{"start":{"line":26,"column":12},"end":{"line":26,"column":63}},"type":"binary-expr","locations":[{"start":{"line":26,"column":12},"end":{"line":26,"column":25}},{"start":{"line":26,"column":29},"end":{"line":26,"column":35}},{"start":{"line":26,"column":39},"end":{"line":26,"column":51}},{"start":{"line":26,"column":55},"end":{"line":26,"column":63}}],"line":26}},"s":{"0":1,"1":3,"2":3,"3":3,"4":3,"5":3,"6":3,"7":3,"8":3,"9":0,"10":1,"11":1,"12":1,"13":1,"14":1,"15":1,"16":0,"17":1},"f":{"0":3,"1":1,"2":1,"3":0},"b":{"0":[0,3],"1":[3,3,3,3]},"_coverageSchema":"1a1c01bbd47fc00a2c39e90264f33305004495a9","hash":"82f04fa853948af8c1753d97be52487c56b8ca50"}
}
