<?xml version="1.0" encoding="UTF-8"?>
<coverage generated="1611199654871" clover="3.2.0">
  <project timestamp="1611199654871" name="All files">
    <metrics statements="72" coveredstatements="56" conditionals="18" coveredconditionals="12" methods="17" coveredmethods="10" elements="107" coveredelements="78" complexity="0" loc="72" ncloc="72" packages="1" files="6" classes="6"/>
    <file name="airport.js" path="C:\Programming\WhiteHat BootCamp\Software Engineering Apprenticeship\Week 1\Day 2 to Day 4\src\airport.js">
      <metrics statements="22" coveredstatements="11" conditionals="4" coveredconditionals="0" methods="6" coveredmethods="2"/>
      <line num="1" count="2" type="stmt"/>
      <line num="2" count="2" type="stmt"/>
      <line num="3" count="2" type="stmt"/>
      <line num="6" count="2" type="stmt"/>
      <line num="14" count="1" type="stmt"/>
      <line num="15" count="1" type="stmt"/>
      <line num="16" count="1" type="stmt"/>
      <line num="17" count="1" type="stmt"/>
      <line num="26" count="0" type="cond" truecount="0" falsecount="4"/>
      <line num="27" count="0" type="stmt"/>
      <line num="28" count="0" type="stmt"/>
      <line num="30" count="0" type="stmt"/>
      <line num="34" count="0" type="stmt"/>
      <line num="35" count="0" type="stmt"/>
      <line num="36" count="0" type="stmt"/>
      <line num="40" count="0" type="stmt"/>
      <line num="41" count="0" type="stmt"/>
      <line num="45" count="0" type="stmt"/>
      <line num="46" count="0" type="stmt"/>
      <line num="54" count="1" type="stmt"/>
      <line num="55" count="1" type="stmt"/>
      <line num="61" count="2" type="stmt"/>
    </file>
    <file name="bag.js" path="C:\Programming\WhiteHat BootCamp\Software Engineering Apprenticeship\Week 1\Day 2 to Day 4\src\bag.js">
      <metrics statements="11" coveredstatements="10" conditionals="6" coveredconditionals="5" methods="2" coveredmethods="2"/>
      <line num="10" count="5" type="stmt"/>
      <line num="13" count="5" type="stmt"/>
      <line num="14" count="5" type="stmt"/>
      <line num="16" count="5" type="cond" truecount="2" falsecount="0"/>
      <line num="17" count="1" type="stmt"/>
      <line num="37" count="2" type="cond" truecount="2" falsecount="0"/>
      <line num="38" count="1" type="stmt"/>
      <line num="39" count="1" type="cond" truecount="1" falsecount="1"/>
      <line num="40" count="1" type="stmt"/>
      <line num="41" count="0" type="stmt"/>
      <line num="46" count="4" type="stmt"/>
    </file>
    <file name="crewMember.js" path="C:\Programming\WhiteHat BootCamp\Software Engineering Apprenticeship\Week 1\Day 2 to Day 4\src\crewMember.js">
      <metrics statements="5" coveredstatements="5" conditionals="0" coveredconditionals="0" methods="1" coveredmethods="1"/>
      <line num="1" count="3" type="stmt"/>
      <line num="6" count="1" type="stmt"/>
      <line num="7" count="1" type="stmt"/>
      <line num="8" count="1" type="stmt"/>
      <line num="12" count="3" type="stmt"/>
    </file>
    <file name="passenger.js" path="C:\Programming\WhiteHat BootCamp\Software Engineering Apprenticeship\Week 1\Day 2 to Day 4\src\passenger.js">
      <metrics statements="16" coveredstatements="16" conditionals="6" coveredconditionals="6" methods="2" coveredmethods="2"/>
      <line num="1" count="3" type="stmt"/>
      <line num="2" count="3" type="stmt"/>
      <line num="14" count="4" type="stmt"/>
      <line num="15" count="4" type="stmt"/>
      <line num="16" count="4" type="stmt"/>
      <line num="17" count="4" type="stmt"/>
      <line num="18" count="4" type="stmt"/>
      <line num="20" count="4" type="cond" truecount="2" falsecount="0"/>
      <line num="21" count="1" type="stmt"/>
      <line num="22" count="3" type="cond" truecount="2" falsecount="0"/>
      <line num="23" count="1" type="stmt"/>
      <line num="24" count="2" type="cond" truecount="2" falsecount="0"/>
      <line num="25" count="1" type="stmt"/>
      <line num="35" count="1" type="stmt"/>
      <line num="39" count="3" type="stmt"/>
      <line num="40" count="3" type="stmt"/>
    </file>
    <file name="person.js" path="C:\Programming\WhiteHat BootCamp\Software Engineering Apprenticeship\Week 1\Day 2 to Day 4\src\person.js">
      <metrics statements="4" coveredstatements="3" conditionals="0" coveredconditionals="0" methods="2" coveredmethods="1"/>
      <line num="8" count="5" type="stmt"/>
      <line num="9" count="5" type="stmt"/>
      <line num="17" count="0" type="stmt"/>
      <line num="20" count="5" type="stmt"/>
    </file>
    <file name="plane.js" path="C:\Programming\WhiteHat BootCamp\Software Engineering Apprenticeship\Week 1\Day 2 to Day 4\src\plane.js">
      <metrics statements="14" coveredstatements="11" conditionals="2" coveredconditionals="1" methods="4" coveredmethods="2"/>
      <line num="1" count="2" type="stmt"/>
      <line num="2" count="2" type="stmt"/>
      <line num="3" count="2" type="stmt"/>
      <line num="4" count="2" type="stmt"/>
      <line num="17" count="4" type="stmt"/>
      <line num="18" count="4" type="stmt"/>
      <line num="19" count="4" type="stmt"/>
      <line num="20" count="4" type="stmt"/>
      <line num="28" count="1" type="cond" truecount="1" falsecount="1"/>
      <line num="29" count="0" type="stmt"/>
      <line num="31" count="1" type="stmt"/>
      <line num="39" count="0" type="stmt"/>
      <line num="47" count="0" type="stmt"/>
      <line num="51" count="2" type="stmt"/>
    </file>
  </project>
</coverage>
