{"C:\\Programming\\WhiteHat BootCamp\\Software Engineering Apprenticeship\\Week 1\\Day 2 to Day 4\\src\\airport.js": {"path":"C:\\Programming\\WhiteHat BootCamp\\Software Engineering Apprenticeship\\Week 1\\Day 2 to Day 4\\src\\airport.js","statementMap":{"0":{"start":{"line":1,"column":12},"end":{"line":1,"column":28}},"1":{"start":{"line":2,"column":18},"end":{"line":2,"column":40}},"2":{"start":{"line":3,"column":14},"end":{"line":3,"column":32}},"3":{"start":{"line":6,"column":22},"end":{"line":6,"column":24}},"4":{"start":{"line":14,"column":8},"end":{"line":14,"column":39}},"5":{"start":{"line":15,"column":8},"end":{"line":15,"column":35}},"6":{"start":{"line":16,"column":8},"end":{"line":16,"column":27}},"7":{"start":{"line":17,"column":8},"end":{"line":17,"column":25}},"8":{"start":{"line":26,"column":8},"end":{"line":36,"column":86}},"9":{"start":{"line":27,"column":26},"end":{"line":27,"column":52}},"10":{"start":{"line":28,"column":12},"end":{"line":28,"column":40}},"11":{"start":{"line":30,"column":35},"end":{"line":34,"column":70}},"12":{"start":{"line":34,"column":18},"end":{"line":34,"column":67}},"13":{"start":{"line":35,"column":12},"end":{"line":35,"column":42}},"14":{"start":{"line":36,"column":15},"end":{"line":36,"column":86}},"15":{"start":{"line":40,"column":8},"end":{"line":40,"column":37}},"16":{"start":{"line":41,"column":8},"end":{"line":41,"column":31}},"17":{"start":{"line":45,"column":22},"end":{"line":45,"column":48}},"18":{"start":{"line":46,"column":8},"end":{"line":46,"column":37}},"19":{"start":{"line":54,"column":8},"end":{"line":54,"column":100}},"20":{"start":{"line":55,"column":8},"end":{"line":55,"column":35}},"21":{"start":{"line":61,"column":0},"end":{"line":61,"column":24}}},"fnMap":{"0":{"name":"(anonymous_0)","decl":{"start":{"line":13,"column":4},"end":{"line":13,"column":5}},"loc":{"start":{"line":13,"column":47},"end":{"line":18,"column":5}},"line":13},"1":{"name":"(anonymous_1)","decl":{"start":{"line":25,"column":4},"end":{"line":25,"column":5}},"loc":{"start":{"line":25,"column":19},"end":{"line":37,"column":5}},"line":25},"2":{"name":"(anonymous_2)","decl":{"start":{"line":30,"column":57},"end":{"line":30,"column":58}},"loc":{"start":{"line":34,"column":16},"end":{"line":34,"column":69}},"line":34},"3":{"name":"(anonymous_3)","decl":{"start":{"line":39,"column":4},"end":{"line":39,"column":5}},"loc":{"start":{"line":39,"column":20},"end":{"line":42,"column":5}},"line":39},"4":{"name":"(anonymous_4)","decl":{"start":{"line":44,"column":4},"end":{"line":44,"column":5}},"loc":{"start":{"line":44,"column":23},"end":{"line":47,"column":5}},"line":44},"5":{"name":"(anonymous_5)","decl":{"start":{"line":53,"column":4},"end":{"line":53,"column":5}},"loc":{"start":{"line":53,"column":34},"end":{"line":56,"column":5}},"line":53}},"branchMap":{"0":{"loc":{"start":{"line":26,"column":8},"end":{"line":36,"column":86}},"type":"if","locations":[{"start":{"line":26,"column":8},"end":{"line":36,"column":86}},{"start":{"line":26,"column":8},"end":{"line":36,"column":86}}],"line":26},"1":{"loc":{"start":{"line":26,"column":12},"end":{"line":26,"column":35}},"type":"binary-expr","locations":[{"start":{"line":26,"column":12},"end":{"line":26,"column":18}},{"start":{"line":26,"column":22},"end":{"line":26,"column":35}}],"line":26}},"s":{"0":2,"1":2,"2":2,"3":2,"4":1,"5":1,"6":1,"7":1,"8":0,"9":0,"10":0,"11":0,"12":0,"13":0,"14":0,"15":0,"16":0,"17":0,"18":0,"19":1,"20":1,"21":2},"f":{"0":1,"1":0,"2":0,"3":0,"4":0,"5":1},"b":{"0":[0,0],"1":[0,0]},"_coverageSchema":"1a1c01bbd47fc00a2c39e90264f33305004495a9","hash":"d69cd4d6eb1b3884ddc34ba63f3159f633896d4b"}
,"C:\\Programming\\WhiteHat BootCamp\\Software Engineering Apprenticeship\\Week 1\\Day 2 to Day 4\\src\\bag.js": {"path":"C:\\Programming\\WhiteHat BootCamp\\Software Engineering Apprenticeship\\Week 1\\Day 2 to Day 4\\src\\bag.js","statementMap":{"0":{"start":{"line":10,"column":8},"end":{"line":10,"column":29}},"1":{"start":{"line":13,"column":8},"end":{"line":13,"column":28}},"2":{"start":{"line":14,"column":8},"end":{"line":14,"column":30}},"3":{"start":{"line":16,"column":8},"end":{"line":18,"column":9}},"4":{"start":{"line":17,"column":12},"end":{"line":17,"column":49}},"5":{"start":{"line":37,"column":8},"end":{"line":41,"column":57}},"6":{"start":{"line":38,"column":12},"end":{"line":38,"column":41}},"7":{"start":{"line":39,"column":15},"end":{"line":41,"column":57}},"8":{"start":{"line":40,"column":12},"end":{"line":40,"column":39}},"9":{"start":{"line":41,"column":15},"end":{"line":41,"column":57}},"10":{"start":{"line":46,"column":0},"end":{"line":46,"column":21}}},"fnMap":{"0":{"name":"(anonymous_0)","decl":{"start":{"line":6,"column":4},"end":{"line":6,"column":5}},"loc":{"start":{"line":6,"column":24},"end":{"line":24,"column":5}},"line":6},"1":{"name":"(anonymous_1)","decl":{"start":{"line":36,"column":4},"end":{"line":36,"column":5}},"loc":{"start":{"line":36,"column":22},"end":{"line":43,"column":5}},"line":36}},"branchMap":{"0":{"loc":{"start":{"line":16,"column":8},"end":{"line":18,"column":9}},"type":"if","locations":[{"start":{"line":16,"column":8},"end":{"line":18,"column":9}},{"start":{"line":16,"column":8},"end":{"line":18,"column":9}}],"line":16},"1":{"loc":{"start":{"line":37,"column":8},"end":{"line":41,"column":57}},"type":"if","locations":[{"start":{"line":37,"column":8},"end":{"line":41,"column":57}},{"start":{"line":37,"column":8},"end":{"line":41,"column":57}}],"line":37},"2":{"loc":{"start":{"line":39,"column":15},"end":{"line":41,"column":57}},"type":"if","locations":[{"start":{"line":39,"column":15},"end":{"line":41,"column":57}},{"start":{"line":39,"column":15},"end":{"line":41,"column":57}}],"line":39}},"s":{"0":5,"1":5,"2":5,"3":5,"4":1,"5":2,"6":1,"7":1,"8":1,"9":0,"10":4},"f":{"0":5,"1":2},"b":{"0":[1,4],"1":[1,1],"2":[1,0]},"_coverageSchema":"1a1c01bbd47fc00a2c39e90264f33305004495a9","hash":"26b82ec2fc4630dc6bb5bdf6050adc74023996fe"}
,"C:\\Programming\\WhiteHat BootCamp\\Software Engineering Apprenticeship\\Week 1\\Day 2 to Day 4\\src\\crewMember.js": {"path":"C:\\Programming\\WhiteHat BootCamp\\Software Engineering Apprenticeship\\Week 1\\Day 2 to Day 4\\src\\crewMember.js","statementMap":{"0":{"start":{"line":1,"column":15},"end":{"line":1,"column":34}},"1":{"start":{"line":6,"column":8},"end":{"line":6,"column":19}},"2":{"start":{"line":7,"column":8},"end":{"line":7,"column":25}},"3":{"start":{"line":8,"column":8},"end":{"line":8,"column":23}},"4":{"start":{"line":12,"column":0},"end":{"line":12,"column":28}}},"fnMap":{"0":{"name":"(anonymous_0)","decl":{"start":{"line":5,"column":4},"end":{"line":5,"column":5}},"loc":{"start":{"line":5,"column":22},"end":{"line":9,"column":5}},"line":5}},"branchMap":{},"s":{"0":3,"1":1,"2":1,"3":1,"4":3},"f":{"0":1},"b":{},"_coverageSchema":"1a1c01bbd47fc00a2c39e90264f33305004495a9","hash":"2c88316a9dd77d02f6756b1b08539b92551aaef9"}
,"C:\\Programming\\WhiteHat BootCamp\\Software Engineering Apprenticeship\\Week 1\\Day 2 to Day 4\\src\\passenger.js": {"path":"C:\\Programming\\WhiteHat BootCamp\\Software Engineering Apprenticeship\\Week 1\\Day 2 to Day 4\\src\\passenger.js","statementMap":{"0":{"start":{"line":1,"column":13},"end":{"line":1,"column":29}},"1":{"start":{"line":2,"column":15},"end":{"line":2,"column":34}},"2":{"start":{"line":14,"column":8},"end":{"line":14,"column":26}},"3":{"start":{"line":15,"column":8},"end":{"line":15,"column":25}},"4":{"start":{"line":16,"column":8},"end":{"line":16,"column":23}},"5":{"start":{"line":17,"column":8},"end":{"line":17,"column":23}},"6":{"start":{"line":18,"column":8},"end":{"line":18,"column":41}},"7":{"start":{"line":20,"column":8},"end":{"line":26,"column":9}},"8":{"start":{"line":21,"column":12},"end":{"line":21,"column":77}},"9":{"start":{"line":22,"column":15},"end":{"line":26,"column":9}},"10":{"start":{"line":23,"column":12},"end":{"line":23,"column":75}},"11":{"start":{"line":24,"column":15},"end":{"line":26,"column":9}},"12":{"start":{"line":25,"column":12},"end":{"line":25,"column":85}},"13":{"start":{"line":35,"column":8},"end":{"line":35,"column":28}},"14":{"start":{"line":39,"column":14},"end":{"line":39,"column":29}},"15":{"start":{"line":40,"column":0},"end":{"line":40,"column":27}}},"fnMap":{"0":{"name":"(anonymous_0)","decl":{"start":{"line":13,"column":4},"end":{"line":13,"column":5}},"loc":{"start":{"line":13,"column":47},"end":{"line":27,"column":5}},"line":13},"1":{"name":"(anonymous_1)","decl":{"start":{"line":34,"column":4},"end":{"line":34,"column":5}},"loc":{"start":{"line":34,"column":18},"end":{"line":36,"column":5}},"line":34}},"branchMap":{"0":{"loc":{"start":{"line":20,"column":8},"end":{"line":26,"column":9}},"type":"if","locations":[{"start":{"line":20,"column":8},"end":{"line":26,"column":9}},{"start":{"line":20,"column":8},"end":{"line":26,"column":9}}],"line":20},"1":{"loc":{"start":{"line":22,"column":15},"end":{"line":26,"column":9}},"type":"if","locations":[{"start":{"line":22,"column":15},"end":{"line":26,"column":9}},{"start":{"line":22,"column":15},"end":{"line":26,"column":9}}],"line":22},"2":{"loc":{"start":{"line":24,"column":15},"end":{"line":26,"column":9}},"type":"if","locations":[{"start":{"line":24,"column":15},"end":{"line":26,"column":9}},{"start":{"line":24,"column":15},"end":{"line":26,"column":9}}],"line":24}},"s":{"0":3,"1":3,"2":4,"3":4,"4":4,"5":4,"6":4,"7":4,"8":1,"9":3,"10":1,"11":2,"12":1,"13":1,"14":3,"15":3},"f":{"0":4,"1":1},"b":{"0":[1,3],"1":[1,2],"2":[1,1]},"_coverageSchema":"1a1c01bbd47fc00a2c39e90264f33305004495a9","hash":"e69558aa1e12485c7769e999d5ecd1e4407db889"}
,"C:\\Programming\\WhiteHat BootCamp\\Software Engineering Apprenticeship\\Week 1\\Day 2 to Day 4\\src\\person.js": {"path":"C:\\Programming\\WhiteHat BootCamp\\Software Engineering Apprenticeship\\Week 1\\Day 2 to Day 4\\src\\person.js","statementMap":{"0":{"start":{"line":8,"column":8},"end":{"line":8,"column":25}},"1":{"start":{"line":9,"column":8},"end":{"line":9,"column":31}},"2":{"start":{"line":17,"column":4},"end":{"line":17,"column":45}},"3":{"start":{"line":20,"column":0},"end":{"line":20,"column":24}}},"fnMap":{"0":{"name":"(anonymous_0)","decl":{"start":{"line":7,"column":4},"end":{"line":7,"column":5}},"loc":{"start":{"line":7,"column":31},"end":{"line":10,"column":5}},"line":7},"1":{"name":"(anonymous_1)","decl":{"start":{"line":16,"column":4},"end":{"line":16,"column":5}},"loc":{"start":{"line":16,"column":38},"end":{"line":17,"column":46}},"line":16}},"branchMap":{},"s":{"0":5,"1":5,"2":0,"3":5},"f":{"0":5,"1":0},"b":{},"_coverageSchema":"1a1c01bbd47fc00a2c39e90264f33305004495a9","hash":"c91d5a17dd3a5dd2cf67775593d7556cb852384e"}
,"C:\\Programming\\WhiteHat BootCamp\\Software Engineering Apprenticeship\\Week 1\\Day 2 to Day 4\\src\\plane.js": {"path":"C:\\Programming\\WhiteHat BootCamp\\Software Engineering Apprenticeship\\Week 1\\Day 2 to Day 4\\src\\plane.js","statementMap":{"0":{"start":{"line":1,"column":18},"end":{"line":1,"column":40}},"1":{"start":{"line":2,"column":19},"end":{"line":2,"column":42}},"2":{"start":{"line":3,"column":16},"end":{"line":3,"column":36}},"3":{"start":{"line":4,"column":15},"end":{"line":4,"column":34}},"4":{"start":{"line":17,"column":8},"end":{"line":17,"column":39}},"5":{"start":{"line":18,"column":8},"end":{"line":18,"column":41}},"6":{"start":{"line":19,"column":8},"end":{"line":19,"column":33}},"7":{"start":{"line":20,"column":8},"end":{"line":20,"column":32}},"8":{"start":{"line":28,"column":8},"end":{"line":32,"column":9}},"9":{"start":{"line":29,"column":12},"end":{"line":29,"column":44}},"10":{"start":{"line":31,"column":12},"end":{"line":31,"column":44}},"11":{"start":{"line":39,"column":8},"end":{"line":39,"column":34}},"12":{"start":{"line":47,"column":8},"end":{"line":47,"column":35}},"13":{"start":{"line":51,"column":0},"end":{"line":51,"column":23}}},"fnMap":{"0":{"name":"(anonymous_0)","decl":{"start":{"line":16,"column":4},"end":{"line":16,"column":5}},"loc":{"start":{"line":16,"column":43},"end":{"line":21,"column":5}},"line":16},"1":{"name":"(anonymous_1)","decl":{"start":{"line":27,"column":4},"end":{"line":27,"column":5}},"loc":{"start":{"line":27,"column":24},"end":{"line":33,"column":5}},"line":27},"2":{"name":"(anonymous_2)","decl":{"start":{"line":38,"column":4},"end":{"line":38,"column":5}},"loc":{"start":{"line":38,"column":34},"end":{"line":40,"column":5}},"line":38},"3":{"name":"(anonymous_3)","decl":{"start":{"line":46,"column":4},"end":{"line":46,"column":5}},"loc":{"start":{"line":46,"column":30},"end":{"line":48,"column":5}},"line":46}},"branchMap":{"0":{"loc":{"start":{"line":28,"column":8},"end":{"line":32,"column":9}},"type":"if","locations":[{"start":{"line":28,"column":8},"end":{"line":32,"column":9}},{"start":{"line":28,"column":8},"end":{"line":32,"column":9}}],"line":28}},"s":{"0":2,"1":2,"2":2,"3":2,"4":4,"5":4,"6":4,"7":4,"8":1,"9":0,"10":1,"11":0,"12":0,"13":2},"f":{"0":4,"1":1,"2":0,"3":0},"b":{"0":[0,1]},"_coverageSchema":"1a1c01bbd47fc00a2c39e90264f33305004495a9","hash":"cb4ea15d33565ab1b6621b4a8e7a3a298744aec4"}
}
